<?xml version="1.0" encoding="UTF-8"?>
<!-- Generated by org.testng.reporters.JUnitReportReporter -->
<testsuite hostname="DESKTOP-LDG5U99" failures="0" tests="1" name="test.mmvan" time="52.224" errors="0" timestamp="2023-07-19T15:32:17 IST" skipped="0">
  <testcase classname="test.mmvan" name="mav" time="52.224"/>
  <system-out/>
</testsuite> <!-- test.mmvan -->
